-------------------------------------------------------------------------------
Test set: CucumberRunnerTest
-------------------------------------------------------------------------------
Tests run: 5, Failures: 2, Errors: 0, Skipped: 0, Time elapsed: 34.447 s <<< FAILURE! - in CucumberRunnerTest
Login feature.Login #3  Time elapsed: 11.991 s  <<< FAILURE!
java.lang.AssertionError
	at org.junit.Assert.fail(Assert.java:87)
	at org.junit.Assert.assertTrue(Assert.java:42)
	at org.junit.Assert.assertTrue(Assert.java:53)
	at StepDefinitions.PagesStepDefinition.atPage(PagesStepDefinition.java:16)
	at ✽.I am at "PRODUCTS_PAGE"(file:///home/patryk/Desktop/Projects/E2E-Tests-PoC/src/test/resources/features/Login.feature:7)

Sale Process. #2  Time elapsed: 4.915 s  <<< FAILURE!
org.junit.ComparisonFailure: expected:<[test]> but was:<[y]>
	at org.junit.Assert.assertEquals(Assert.java:117)
	at org.junit.Assert.assertEquals(Assert.java:146)
	at StepDefinitions.SaleProcessStepDefinition.checkDataInInformationForm(SaleProcessStepDefinition.java:72)
	at ✽.I check data in information form "test", "testowy" and "04-400"(file:///home/patryk/Desktop/Projects/E2E-Tests-PoC/src/test/resources/features/SaleProcess.feature:17)

